

Started GET "/" for ::1 at 2015-12-06 09:32:44 +0000

ActiveRecord::PendingMigrationError (

Migrations are pending. To resolve this issue, run:

	bin/rake db:migrate RAILS_ENV=development

):
  activerecord (4.2.4) lib/active_record/migration.rb:392:in `check_pending!'
  activerecord (4.2.4) lib/active_record/migration.rb:373:in `call'
  actionpack (4.2.4) lib/action_dispatch/middleware/callbacks.rb:29:in `block in call'
  activesupport (4.2.4) lib/active_support/callbacks.rb:88:in `__run_callbacks__'
  activesupport (4.2.4) lib/active_support/callbacks.rb:778:in `_run_call_callbacks'
  activesupport (4.2.4) lib/active_support/callbacks.rb:81:in `run_callbacks'
  actionpack (4.2.4) lib/action_dispatch/middleware/callbacks.rb:27:in `call'
  actionpack (4.2.4) lib/action_dispatch/middleware/reloader.rb:73:in `call'
  actionpack (4.2.4) lib/action_dispatch/middleware/remote_ip.rb:78:in `call'
  actionpack (4.2.4) lib/action_dispatch/middleware/debug_exceptions.rb:17:in `call'
  web-console (2.2.1) lib/web_console/middleware.rb:39:in `call'
  actionpack (4.2.4) lib/action_dispatch/middleware/show_exceptions.rb:30:in `call'
  railties (4.2.4) lib/rails/rack/logger.rb:38:in `call_app'
  railties (4.2.4) lib/rails/rack/logger.rb:20:in `block in call'
  activesupport (4.2.4) lib/active_support/tagged_logging.rb:68:in `block in tagged'
  activesupport (4.2.4) lib/active_support/tagged_logging.rb:26:in `tagged'
  activesupport (4.2.4) lib/active_support/tagged_logging.rb:68:in `tagged'
  railties (4.2.4) lib/rails/rack/logger.rb:20:in `call'
  actionpack (4.2.4) lib/action_dispatch/middleware/request_id.rb:21:in `call'
  rack (1.6.4) lib/rack/methodoverride.rb:22:in `call'
  rack (1.6.4) lib/rack/runtime.rb:18:in `call'
  activesupport (4.2.4) lib/active_support/cache/strategy/local_cache_middleware.rb:28:in `call'
  rack (1.6.4) lib/rack/lock.rb:17:in `call'
  actionpack (4.2.4) lib/action_dispatch/middleware/static.rb:116:in `call'
  rack (1.6.4) lib/rack/sendfile.rb:113:in `call'
  railties (4.2.4) lib/rails/engine.rb:518:in `call'
  railties (4.2.4) lib/rails/application.rb:165:in `call'
  rack (1.6.4) lib/rack/lock.rb:17:in `call'
  rack (1.6.4) lib/rack/content_length.rb:15:in `call'
  rack (1.6.4) lib/rack/handler/webrick.rb:88:in `service'
  /Users/Shamel/.rbenv/versions/2.1.7/lib/ruby/2.1.0/webrick/httpserver.rb:138:in `service'
  /Users/Shamel/.rbenv/versions/2.1.7/lib/ruby/2.1.0/webrick/httpserver.rb:94:in `run'
  /Users/Shamel/.rbenv/versions/2.1.7/lib/ruby/2.1.0/webrick/server.rb:295:in `block in start_thread'


  Rendered /Users/Shamel/.rbenv/versions/2.1.7/lib/ruby/gems/2.1.0/gems/actionpack-4.2.4/lib/action_dispatch/middleware/templates/rescues/_source.erb (3.2ms)
  Rendered /Users/Shamel/.rbenv/versions/2.1.7/lib/ruby/gems/2.1.0/gems/actionpack-4.2.4/lib/action_dispatch/middleware/templates/rescues/_trace.html.erb (1.7ms)
  Rendered /Users/Shamel/.rbenv/versions/2.1.7/lib/ruby/gems/2.1.0/gems/actionpack-4.2.4/lib/action_dispatch/middleware/templates/rescues/_request_and_response.html.erb (1.0ms)
  Rendered /Users/Shamel/.rbenv/versions/2.1.7/lib/ruby/gems/2.1.0/gems/actionpack-4.2.4/lib/action_dispatch/middleware/templates/rescues/diagnostics.html.erb within rescues/layout (24.1ms)
  Rendered /Users/Shamel/.rbenv/versions/2.1.7/lib/ruby/gems/2.1.0/gems/web-console-2.2.1/lib/web_console/templates/_markup.html.erb (0.5ms)
  Rendered /Users/Shamel/.rbenv/versions/2.1.7/lib/ruby/gems/2.1.0/gems/web-console-2.2.1/lib/web_console/templates/_inner_console_markup.html.erb within layouts/inlined_string (0.5ms)
  Rendered /Users/Shamel/.rbenv/versions/2.1.7/lib/ruby/gems/2.1.0/gems/web-console-2.2.1/lib/web_console/templates/_prompt_box_markup.html.erb within layouts/inlined_string (0.3ms)
  Rendered /Users/Shamel/.rbenv/versions/2.1.7/lib/ruby/gems/2.1.0/gems/web-console-2.2.1/lib/web_console/templates/style.css.erb within layouts/inlined_string (0.4ms)
  Rendered /Users/Shamel/.rbenv/versions/2.1.7/lib/ruby/gems/2.1.0/gems/web-console-2.2.1/lib/web_console/templates/console.js.erb within layouts/javascript (24.3ms)
  Rendered /Users/Shamel/.rbenv/versions/2.1.7/lib/ruby/gems/2.1.0/gems/web-console-2.2.1/lib/web_console/templates/main.js.erb within layouts/javascript (0.3ms)
  Rendered /Users/Shamel/.rbenv/versions/2.1.7/lib/ruby/gems/2.1.0/gems/web-console-2.2.1/lib/web_console/templates/error_page.js.erb within layouts/javascript (0.5ms)
  Rendered /Users/Shamel/.rbenv/versions/2.1.7/lib/ruby/gems/2.1.0/gems/web-console-2.2.1/lib/web_console/templates/index.html.erb (65.3ms)


Started GET "/posts/new" for ::1 at 2015-12-07 01:06:20 +0000

ActiveRecord::PendingMigrationError (

Migrations are pending. To resolve this issue, run:

	bin/rake db:migrate RAILS_ENV=development

):
  activerecord (4.2.4) lib/active_record/migration.rb:392:in `check_pending!'
  activerecord (4.2.4) lib/active_record/migration.rb:373:in `call'
  actionpack (4.2.4) lib/action_dispatch/middleware/callbacks.rb:29:in `block in call'
  activesupport (4.2.4) lib/active_support/callbacks.rb:88:in `__run_callbacks__'
  activesupport (4.2.4) lib/active_support/callbacks.rb:778:in `_run_call_callbacks'
  activesupport (4.2.4) lib/active_support/callbacks.rb:81:in `run_callbacks'
  actionpack (4.2.4) lib/action_dispatch/middleware/callbacks.rb:27:in `call'
  actionpack (4.2.4) lib/action_dispatch/middleware/reloader.rb:73:in `call'
  actionpack (4.2.4) lib/action_dispatch/middleware/remote_ip.rb:78:in `call'
  actionpack (4.2.4) lib/action_dispatch/middleware/debug_exceptions.rb:17:in `call'
  web-console (2.2.1) lib/web_console/middleware.rb:39:in `call'
  actionpack (4.2.4) lib/action_dispatch/middleware/show_exceptions.rb:30:in `call'
  railties (4.2.4) lib/rails/rack/logger.rb:38:in `call_app'
  railties (4.2.4) lib/rails/rack/logger.rb:20:in `block in call'
  activesupport (4.2.4) lib/active_support/tagged_logging.rb:68:in `block in tagged'
  activesupport (4.2.4) lib/active_support/tagged_logging.rb:26:in `tagged'
  activesupport (4.2.4) lib/active_support/tagged_logging.rb:68:in `tagged'
  railties (4.2.4) lib/rails/rack/logger.rb:20:in `call'
  actionpack (4.2.4) lib/action_dispatch/middleware/request_id.rb:21:in `call'
  rack (1.6.4) lib/rack/methodoverride.rb:22:in `call'
  rack (1.6.4) lib/rack/runtime.rb:18:in `call'
  activesupport (4.2.4) lib/active_support/cache/strategy/local_cache_middleware.rb:28:in `call'
  rack (1.6.4) lib/rack/lock.rb:17:in `call'
  actionpack (4.2.4) lib/action_dispatch/middleware/static.rb:116:in `call'
  rack (1.6.4) lib/rack/sendfile.rb:113:in `call'
  railties (4.2.4) lib/rails/engine.rb:518:in `call'
  railties (4.2.4) lib/rails/application.rb:165:in `call'
  rack (1.6.4) lib/rack/lock.rb:17:in `call'
  rack (1.6.4) lib/rack/content_length.rb:15:in `call'
  rack (1.6.4) lib/rack/handler/webrick.rb:88:in `service'
  /Users/Shamel/.rbenv/versions/2.1.7/lib/ruby/2.1.0/webrick/httpserver.rb:138:in `service'
  /Users/Shamel/.rbenv/versions/2.1.7/lib/ruby/2.1.0/webrick/httpserver.rb:94:in `run'
  /Users/Shamel/.rbenv/versions/2.1.7/lib/ruby/2.1.0/webrick/server.rb:295:in `block in start_thread'


  Rendered /Users/Shamel/.rbenv/versions/2.1.7/lib/ruby/gems/2.1.0/gems/actionpack-4.2.4/lib/action_dispatch/middleware/templates/rescues/_source.erb (2.7ms)
  Rendered /Users/Shamel/.rbenv/versions/2.1.7/lib/ruby/gems/2.1.0/gems/actionpack-4.2.4/lib/action_dispatch/middleware/templates/rescues/_trace.html.erb (1.5ms)
  Rendered /Users/Shamel/.rbenv/versions/2.1.7/lib/ruby/gems/2.1.0/gems/actionpack-4.2.4/lib/action_dispatch/middleware/templates/rescues/_request_and_response.html.erb (0.9ms)
  Rendered /Users/Shamel/.rbenv/versions/2.1.7/lib/ruby/gems/2.1.0/gems/actionpack-4.2.4/lib/action_dispatch/middleware/templates/rescues/diagnostics.html.erb within rescues/layout (22.6ms)
  Rendered /Users/Shamel/.rbenv/versions/2.1.7/lib/ruby/gems/2.1.0/gems/web-console-2.2.1/lib/web_console/templates/_markup.html.erb (0.5ms)
  Rendered /Users/Shamel/.rbenv/versions/2.1.7/lib/ruby/gems/2.1.0/gems/web-console-2.2.1/lib/web_console/templates/_inner_console_markup.html.erb within layouts/inlined_string (0.4ms)
  Rendered /Users/Shamel/.rbenv/versions/2.1.7/lib/ruby/gems/2.1.0/gems/web-console-2.2.1/lib/web_console/templates/_prompt_box_markup.html.erb within layouts/inlined_string (0.3ms)
  Rendered /Users/Shamel/.rbenv/versions/2.1.7/lib/ruby/gems/2.1.0/gems/web-console-2.2.1/lib/web_console/templates/style.css.erb within layouts/inlined_string (0.4ms)
  Rendered /Users/Shamel/.rbenv/versions/2.1.7/lib/ruby/gems/2.1.0/gems/web-console-2.2.1/lib/web_console/templates/console.js.erb within layouts/javascript (21.0ms)
  Rendered /Users/Shamel/.rbenv/versions/2.1.7/lib/ruby/gems/2.1.0/gems/web-console-2.2.1/lib/web_console/templates/main.js.erb within layouts/javascript (0.3ms)
  Rendered /Users/Shamel/.rbenv/versions/2.1.7/lib/ruby/gems/2.1.0/gems/web-console-2.2.1/lib/web_console/templates/error_page.js.erb within layouts/javascript (0.4ms)
  Rendered /Users/Shamel/.rbenv/versions/2.1.7/lib/ruby/gems/2.1.0/gems/web-console-2.2.1/lib/web_console/templates/index.html.erb (61.0ms)


Started GET "/posts/" for ::1 at 2015-12-07 01:06:26 +0000

ActiveRecord::PendingMigrationError (

Migrations are pending. To resolve this issue, run:

	bin/rake db:migrate RAILS_ENV=development

):
  activerecord (4.2.4) lib/active_record/migration.rb:392:in `check_pending!'
  activerecord (4.2.4) lib/active_record/migration.rb:373:in `call'
  actionpack (4.2.4) lib/action_dispatch/middleware/callbacks.rb:29:in `block in call'
  activesupport (4.2.4) lib/active_support/callbacks.rb:88:in `__run_callbacks__'
  activesupport (4.2.4) lib/active_support/callbacks.rb:778:in `_run_call_callbacks'
  activesupport (4.2.4) lib/active_support/callbacks.rb:81:in `run_callbacks'
  actionpack (4.2.4) lib/action_dispatch/middleware/callbacks.rb:27:in `call'
  actionpack (4.2.4) lib/action_dispatch/middleware/reloader.rb:73:in `call'
  actionpack (4.2.4) lib/action_dispatch/middleware/remote_ip.rb:78:in `call'
  actionpack (4.2.4) lib/action_dispatch/middleware/debug_exceptions.rb:17:in `call'
  web-console (2.2.1) lib/web_console/middleware.rb:39:in `call'
  actionpack (4.2.4) lib/action_dispatch/middleware/show_exceptions.rb:30:in `call'
  railties (4.2.4) lib/rails/rack/logger.rb:38:in `call_app'
  railties (4.2.4) lib/rails/rack/logger.rb:20:in `block in call'
  activesupport (4.2.4) lib/active_support/tagged_logging.rb:68:in `block in tagged'
  activesupport (4.2.4) lib/active_support/tagged_logging.rb:26:in `tagged'
  activesupport (4.2.4) lib/active_support/tagged_logging.rb:68:in `tagged'
  railties (4.2.4) lib/rails/rack/logger.rb:20:in `call'
  actionpack (4.2.4) lib/action_dispatch/middleware/request_id.rb:21:in `call'
  rack (1.6.4) lib/rack/methodoverride.rb:22:in `call'
  rack (1.6.4) lib/rack/runtime.rb:18:in `call'
  activesupport (4.2.4) lib/active_support/cache/strategy/local_cache_middleware.rb:28:in `call'
  rack (1.6.4) lib/rack/lock.rb:17:in `call'
  actionpack (4.2.4) lib/action_dispatch/middleware/static.rb:116:in `call'
  rack (1.6.4) lib/rack/sendfile.rb:113:in `call'
  railties (4.2.4) lib/rails/engine.rb:518:in `call'
  railties (4.2.4) lib/rails/application.rb:165:in `call'
  rack (1.6.4) lib/rack/lock.rb:17:in `call'
  rack (1.6.4) lib/rack/content_length.rb:15:in `call'
  rack (1.6.4) lib/rack/handler/webrick.rb:88:in `service'
  /Users/Shamel/.rbenv/versions/2.1.7/lib/ruby/2.1.0/webrick/httpserver.rb:138:in `service'
  /Users/Shamel/.rbenv/versions/2.1.7/lib/ruby/2.1.0/webrick/httpserver.rb:94:in `run'
  /Users/Shamel/.rbenv/versions/2.1.7/lib/ruby/2.1.0/webrick/server.rb:295:in `block in start_thread'


  Rendered /Users/Shamel/.rbenv/versions/2.1.7/lib/ruby/gems/2.1.0/gems/actionpack-4.2.4/lib/action_dispatch/middleware/templates/rescues/_source.erb (2.4ms)
  Rendered /Users/Shamel/.rbenv/versions/2.1.7/lib/ruby/gems/2.1.0/gems/actionpack-4.2.4/lib/action_dispatch/middleware/templates/rescues/_trace.html.erb (2.6ms)
  Rendered /Users/Shamel/.rbenv/versions/2.1.7/lib/ruby/gems/2.1.0/gems/actionpack-4.2.4/lib/action_dispatch/middleware/templates/rescues/_request_and_response.html.erb (1.0ms)
  Rendered /Users/Shamel/.rbenv/versions/2.1.7/lib/ruby/gems/2.1.0/gems/actionpack-4.2.4/lib/action_dispatch/middleware/templates/rescues/diagnostics.html.erb within rescues/layout (20.1ms)
  Rendered /Users/Shamel/.rbenv/versions/2.1.7/lib/ruby/gems/2.1.0/gems/web-console-2.2.1/lib/web_console/templates/_markup.html.erb (0.4ms)
  Rendered /Users/Shamel/.rbenv/versions/2.1.7/lib/ruby/gems/2.1.0/gems/web-console-2.2.1/lib/web_console/templates/_inner_console_markup.html.erb within layouts/inlined_string (0.3ms)
  Rendered /Users/Shamel/.rbenv/versions/2.1.7/lib/ruby/gems/2.1.0/gems/web-console-2.2.1/lib/web_console/templates/_prompt_box_markup.html.erb within layouts/inlined_string (0.3ms)
  Rendered /Users/Shamel/.rbenv/versions/2.1.7/lib/ruby/gems/2.1.0/gems/web-console-2.2.1/lib/web_console/templates/style.css.erb within layouts/inlined_string (0.4ms)
  Rendered /Users/Shamel/.rbenv/versions/2.1.7/lib/ruby/gems/2.1.0/gems/web-console-2.2.1/lib/web_console/templates/console.js.erb within layouts/javascript (16.2ms)
  Rendered /Users/Shamel/.rbenv/versions/2.1.7/lib/ruby/gems/2.1.0/gems/web-console-2.2.1/lib/web_console/templates/main.js.erb within layouts/javascript (0.3ms)
  Rendered /Users/Shamel/.rbenv/versions/2.1.7/lib/ruby/gems/2.1.0/gems/web-console-2.2.1/lib/web_console/templates/error_page.js.erb within layouts/javascript (0.4ms)
  Rendered /Users/Shamel/.rbenv/versions/2.1.7/lib/ruby/gems/2.1.0/gems/web-console-2.2.1/lib/web_console/templates/index.html.erb (39.9ms)
  [1m[36m (1.3ms)[0m  [1mCREATE TABLE "schema_migrations" ("version" varchar NOT NULL) [0m
  [1m[35m (16.9ms)[0m  select sqlite_version(*)
  [1m[36m (2.1ms)[0m  [1mCREATE UNIQUE INDEX "unique_schema_migrations" ON "schema_migrations" ("version")[0m
  [1m[35mActiveRecord::SchemaMigration Load (0.1ms)[0m  SELECT "schema_migrations".* FROM "schema_migrations"
Migrating to CreatePosts (20151112133758)
  [1m[36m (0.1ms)[0m  [1mbegin transaction[0m
  [1m[35m (0.5ms)[0m  CREATE TABLE "posts" ("id" INTEGER PRIMARY KEY AUTOINCREMENT NOT NULL, "title" varchar, "text" text, "submittedBy" integer, "submittedOn" date, "created_at" datetime NOT NULL, "updated_at" datetime NOT NULL) 
  [1m[36mSQL (0.3ms)[0m  [1mINSERT INTO "schema_migrations" ("version") VALUES (?)[0m  [["version", "20151112133758"]]
  [1m[35m (1.6ms)[0m  commit transaction
  [1m[36mActiveRecord::SchemaMigration Load (0.1ms)[0m  [1mSELECT "schema_migrations".* FROM "schema_migrations"[0m


Started GET "/" for ::1 at 2015-12-07 01:08:49 +0000
  [1m[36mActiveRecord::SchemaMigration Load (0.1ms)[0m  [1mSELECT "schema_migrations".* FROM "schema_migrations"[0m
Processing by HomeController#index as HTML
  Rendered home/index.html.erb within layouts/application (2.1ms)
Completed 200 OK in 7276ms (Views: 7230.0ms | ActiveRecord: 0.0ms)


Started GET "/assets/home.self-bfcc1e7992dad4f98c4c25e1ccec645ed87bd3b9804b0ba0a77a68046bc08001.css?body=1" for ::1 at 2015-12-07 01:08:57 +0000


Started GET "/assets/posts.self-2ce24739da7315f4102606a851b906efdebd5006031096cefb01b58b8558ece3.css?body=1" for ::1 at 2015-12-07 01:08:57 +0000


Started GET "/assets/background.jpg" for ::1 at 2015-12-07 01:08:57 +0000


Started GET "/assets/bootstrap/glyphicons-halflings-regular-fc969dc1c6ff531abcf368089dcbaf5775133b0626ff56b52301a059fc0f9e1e.woff" for ::1 at 2015-12-07 01:08:57 +0000


Started GET "/posts/new" for ::1 at 2015-12-07 01:09:23 +0000
Processing by PostsController#new as HTML
  Rendered posts/_form.html.erb (121.5ms)
  Rendered posts/new.html.erb within layouts/application (152.7ms)
Completed 200 OK in 282ms (Views: 270.4ms | ActiveRecord: 0.4ms)


Started POST "/posts" for ::1 at 2015-12-07 01:09:35 +0000
Processing by PostsController#create as HTML
  Parameters: {"utf8"=>"✓", "authenticity_token"=>"cmAvatNqF/ETgnXXbPTPAw7kWw38EM5zs0hiKow9Uv+fVMeMgWex84wVBQBhTOrH0AzDDFnegmLFy+Gv9br19w==", "post"=>{"title"=>"test", "text"=>"hghjgj"}, "commit"=>"Create Post"}
  [1m[35m (0.1ms)[0m  begin transaction
  [1m[36mSQL (9.5ms)[0m  [1mINSERT INTO "posts" ("title", "text", "created_at", "updated_at") VALUES (?, ?, ?, ?)[0m  [["title", "test"], ["text", "hghjgj"], ["created_at", "2015-12-07 01:09:35.185063"], ["updated_at", "2015-12-07 01:09:35.185063"]]
  [1m[35m (10.8ms)[0m  commit transaction
Redirected to http://localhost:3000/posts/1
Completed 302 Found in 57ms (ActiveRecord: 20.5ms)


Started GET "/posts/1" for ::1 at 2015-12-07 01:09:35 +0000
Processing by PostsController#show as HTML
  Parameters: {"id"=>"1"}
  [1m[36mPost Load (0.3ms)[0m  [1mSELECT  "posts".* FROM "posts" WHERE "posts"."id" = ? LIMIT 1[0m  [["id", 1]]
  Rendered posts/show.html.erb within layouts/application (1.1ms)
Completed 200 OK in 195ms (Views: 138.0ms | ActiveRecord: 0.3ms)


Started GET "/posts/new" for ::1 at 2015-12-07 01:09:41 +0000
Processing by PostsController#new as HTML
  Rendered posts/_form.html.erb (2.0ms)
  Rendered posts/new.html.erb within layouts/application (3.5ms)
Completed 200 OK in 170ms (Views: 169.6ms | ActiveRecord: 0.0ms)


Started POST "/posts" for ::1 at 2015-12-07 01:09:49 +0000
Processing by PostsController#create as HTML
  Parameters: {"utf8"=>"✓", "authenticity_token"=>"cxbkCzpLTOVCm0RRf7QHqi1H+JtZhtO69KamiHin3oKeIgztaEbq590MNIZyDCJu869gmvxIn6uCJSUNASB5ig==", "post"=>{"title"=>"huhu", "text"=>"ddddd"}, "commit"=>"Create Post"}
  [1m[35m (0.1ms)[0m  begin transaction
  [1m[36mSQL (0.3ms)[0m  [1mINSERT INTO "posts" ("title", "text", "created_at", "updated_at") VALUES (?, ?, ?, ?)[0m  [["title", "huhu"], ["text", "ddddd"], ["created_at", "2015-12-07 01:09:49.800595"], ["updated_at", "2015-12-07 01:09:49.800595"]]
  [1m[35m (55.3ms)[0m  commit transaction
Redirected to http://localhost:3000/posts/2
Completed 302 Found in 59ms (ActiveRecord: 55.7ms)


Started GET "/posts/2" for ::1 at 2015-12-07 01:09:49 +0000
Processing by PostsController#show as HTML
  Parameters: {"id"=>"2"}
  [1m[36mPost Load (0.1ms)[0m  [1mSELECT  "posts".* FROM "posts" WHERE "posts"."id" = ? LIMIT 1[0m  [["id", 2]]
  Rendered posts/show.html.erb within layouts/application (0.4ms)
Completed 200 OK in 119ms (Views: 118.0ms | ActiveRecord: 0.1ms)


Started GET "/home/index" for ::1 at 2015-12-07 01:09:52 +0000
Processing by HomeController#index as HTML
  Rendered home/index.html.erb within layouts/application (0.4ms)
Completed 200 OK in 221ms (Views: 220.3ms | ActiveRecord: 0.0ms)


Started GET "/posts" for ::1 at 2015-12-07 01:09:55 +0000
Processing by PostsController#index as HTML
  [1m[35mPost Load (0.2ms)[0m  SELECT "posts".* FROM "posts"  ORDER BY created_at DESC
  Rendered posts/index.html.erb within layouts/application (2.4ms)
Completed 200 OK in 169ms (Views: 167.9ms | ActiveRecord: 0.2ms)


Started GET "/posts/2/edit" for ::1 at 2015-12-07 01:09:58 +0000
Processing by PostsController#edit as HTML
  Parameters: {"id"=>"2"}
  [1m[36mPost Load (0.1ms)[0m  [1mSELECT  "posts".* FROM "posts" WHERE "posts"."id" = ? LIMIT 1[0m  [["id", 2]]
  Rendered posts/_form.html.erb (2.0ms)
  Rendered posts/edit.html.erb within layouts/application (3.5ms)
Completed 200 OK in 130ms (Views: 129.6ms | ActiveRecord: 0.1ms)


Started PATCH "/posts/2" for ::1 at 2015-12-07 01:10:04 +0000
Processing by PostsController#update as HTML
  Parameters: {"utf8"=>"✓", "authenticity_token"=>"KxfwHbGBnbSMwGmbUcp2aQvA9cD6Zcb1vvzLgkW43pzGIxj744w7thNXGUxcclOt1ShtwV+riuTIf0gHPD95lA==", "post"=>{"title"=>"huhu", "text"=>"ddddd aaaa"}, "commit"=>"Update Post", "id"=>"2"}
  [1m[35mPost Load (0.1ms)[0m  SELECT  "posts".* FROM "posts" WHERE "posts"."id" = ? LIMIT 1  [["id", 2]]
  [1m[36m (0.1ms)[0m  [1mbegin transaction[0m
  [1m[35m (0.0ms)[0m  commit transaction
Redirected to http://localhost:3000/posts/2
Completed 302 Found in 2ms (ActiveRecord: 0.2ms)


Started GET "/posts/2" for ::1 at 2015-12-07 01:10:04 +0000
Processing by PostsController#show as HTML
  Parameters: {"id"=>"2"}
  [1m[36mPost Load (0.1ms)[0m  [1mSELECT  "posts".* FROM "posts" WHERE "posts"."id" = ? LIMIT 1[0m  [["id", 2]]
  Rendered posts/show.html.erb within layouts/application (0.3ms)
Completed 200 OK in 109ms (Views: 107.7ms | ActiveRecord: 0.1ms)


Started GET "/posts/2/edit" for ::1 at 2015-12-07 01:10:09 +0000
Processing by PostsController#edit as HTML
  Parameters: {"id"=>"2"}
  [1m[35mPost Load (0.1ms)[0m  SELECT  "posts".* FROM "posts" WHERE "posts"."id" = ? LIMIT 1  [["id", 2]]
  Rendered posts/_form.html.erb (1.9ms)
  Rendered posts/edit.html.erb within layouts/application (3.1ms)
Completed 200 OK in 124ms (Views: 123.2ms | ActiveRecord: 0.1ms)


Started PATCH "/posts/2" for ::1 at 2015-12-07 01:10:13 +0000
Processing by PostsController#update as HTML
  Parameters: {"utf8"=>"✓", "authenticity_token"=>"dH4Nh53AVRj1Z1C8M6LcvhuCwiOScdB+4GxnY1SLZeiZSuVhz83zGmrwIGs+Gvl6xWpaIje/nG+W7+TmLQzC4A==", "post"=>{"title"=>"huhu", "text"=>"dddddqqqq"}, "commit"=>"Update Post", "id"=>"2"}
  [1m[36mPost Load (0.2ms)[0m  [1mSELECT  "posts".* FROM "posts" WHERE "posts"."id" = ? LIMIT 1[0m  [["id", 2]]
  [1m[35m (0.1ms)[0m  begin transaction
  [1m[36m (0.1ms)[0m  [1mcommit transaction[0m
Redirected to http://localhost:3000/posts/2
Completed 302 Found in 3ms (ActiveRecord: 0.4ms)


Started GET "/posts/2" for ::1 at 2015-12-07 01:10:13 +0000
Processing by PostsController#show as HTML
  Parameters: {"id"=>"2"}
  [1m[35mPost Load (0.1ms)[0m  SELECT  "posts".* FROM "posts" WHERE "posts"."id" = ? LIMIT 1  [["id", 2]]
  Rendered posts/show.html.erb within layouts/application (0.3ms)
Completed 200 OK in 117ms (Views: 115.9ms | ActiveRecord: 0.1ms)


Started GET "/posts" for ::1 at 2015-12-07 01:10:17 +0000
Processing by PostsController#index as HTML
  [1m[36mPost Load (0.2ms)[0m  [1mSELECT "posts".* FROM "posts"  ORDER BY created_at DESC[0m
  Rendered posts/index.html.erb within layouts/application (1.2ms)
Completed 200 OK in 140ms (Views: 138.8ms | ActiveRecord: 0.2ms)


Started GET "/posts/new" for ::1 at 2015-12-07 01:10:20 +0000
Processing by PostsController#new as HTML
  Rendered posts/_form.html.erb (1.7ms)
  Rendered posts/new.html.erb within layouts/application (3.2ms)
Completed 200 OK in 272ms (Views: 271.5ms | ActiveRecord: 0.0ms)


Started POST "/posts" for ::1 at 2015-12-07 01:10:27 +0000
Processing by PostsController#create as HTML
  Parameters: {"utf8"=>"✓", "authenticity_token"=>"+PMQfSX1KFF26mR8rCOPj2FtT5Z4GHLml4TIWITBT4kVx/ibd/iOU+l9FKuhm6pLv4XXl93WPvfhB0vd/UbogQ==", "post"=>{"title"=>"qqq", "text"=>"qqqq"}, "commit"=>"Create Post"}
  [1m[35m (0.1ms)[0m  begin transaction
  [1m[36mSQL (0.3ms)[0m  [1mINSERT INTO "posts" ("title", "text", "created_at", "updated_at") VALUES (?, ?, ?, ?)[0m  [["title", "qqq"], ["text", "qqqq"], ["created_at", "2015-12-07 01:10:27.062012"], ["updated_at", "2015-12-07 01:10:27.062012"]]
  [1m[35m (40.8ms)[0m  commit transaction
Redirected to http://localhost:3000/posts/3
Completed 302 Found in 44ms (ActiveRecord: 41.1ms)


Started GET "/posts/3" for ::1 at 2015-12-07 01:10:27 +0000
Processing by PostsController#show as HTML
  Parameters: {"id"=>"3"}
  [1m[36mPost Load (0.2ms)[0m  [1mSELECT  "posts".* FROM "posts" WHERE "posts"."id" = ? LIMIT 1[0m  [["id", 3]]
  Rendered posts/show.html.erb within layouts/application (0.3ms)
Completed 200 OK in 127ms (Views: 126.1ms | ActiveRecord: 0.2ms)


Started GET "/posts" for ::1 at 2015-12-07 01:10:30 +0000
Processing by PostsController#index as HTML
  [1m[35mPost Load (0.2ms)[0m  SELECT "posts".* FROM "posts"  ORDER BY created_at DESC
  Rendered posts/index.html.erb within layouts/application (1.2ms)
Completed 200 OK in 120ms (Views: 119.5ms | ActiveRecord: 0.2ms)


Started DELETE "/posts/3" for ::1 at 2015-12-07 01:10:36 +0000
Processing by PostsController#destroy as HTML
  Parameters: {"authenticity_token"=>"yVbFznpG5dRv3n4qY5PrFylhvH1gtmF/Nxh0h+tOdJkkYi0oKEtD1vBJDv1uK87T94kkfMV4LW5Bm/cCksnTkQ==", "id"=>"3"}
  [1m[36mPost Load (0.1ms)[0m  [1mSELECT  "posts".* FROM "posts" WHERE "posts"."id" = ? LIMIT 1[0m  [["id", 3]]
  [1m[35m (0.1ms)[0m  begin transaction
  [1m[36mSQL (0.3ms)[0m  [1mDELETE FROM "posts" WHERE "posts"."id" = ?[0m  [["id", 3]]
  [1m[35m (27.1ms)[0m  commit transaction
Redirected to http://localhost:3000/posts
Completed 302 Found in 30ms (ActiveRecord: 27.5ms)


Started GET "/posts" for ::1 at 2015-12-07 01:10:36 +0000
Processing by PostsController#index as HTML
  [1m[36mPost Load (0.2ms)[0m  [1mSELECT "posts".* FROM "posts"  ORDER BY created_at DESC[0m
  Rendered posts/index.html.erb within layouts/application (1.7ms)
Completed 200 OK in 110ms (Views: 109.3ms | ActiveRecord: 0.2ms)
  [1m[36mActiveRecord::SchemaMigration Load (0.4ms)[0m  [1mSELECT "schema_migrations".* FROM "schema_migrations"[0m
Migrating to CreateComments (20151207020512)
  [1m[35m (0.1ms)[0m  begin transaction
  [1m[36m (0.5ms)[0m  [1mCREATE TABLE "comments" ("id" INTEGER PRIMARY KEY AUTOINCREMENT NOT NULL, "commenter" varchar, "body" text, "post_id" integer, "created_at" datetime NOT NULL, "updated_at" datetime NOT NULL) [0m
  [1m[35m (24.4ms)[0m  select sqlite_version(*)
  [1m[36m (0.3ms)[0m  [1mCREATE  INDEX "index_comments_on_post_id" ON "comments" ("post_id")[0m
  [1m[35mSQL (0.3ms)[0m  INSERT INTO "schema_migrations" ("version") VALUES (?)  [["version", "20151207020512"]]
  [1m[36m (24.2ms)[0m  [1mcommit transaction[0m
  [1m[35mActiveRecord::SchemaMigration Load (0.1ms)[0m  SELECT "schema_migrations".* FROM "schema_migrations"
  [1m[36m (0.2ms)[0m  [1m            SELECT sql
            FROM sqlite_master
            WHERE name='index_comments_on_post_id' AND type='index'
            UNION ALL
            SELECT sql
            FROM sqlite_temp_master
            WHERE name='index_comments_on_post_id' AND type='index'
[0m


Started GET "/posts" for ::1 at 2015-12-07 02:24:06 +0000
  [1m[36mActiveRecord::SchemaMigration Load (0.5ms)[0m  [1mSELECT "schema_migrations".* FROM "schema_migrations"[0m
Processing by PostsController#index as HTML
  [1m[35mPost Load (9.1ms)[0m  SELECT "posts".* FROM "posts"  ORDER BY created_at DESC
  Rendered posts/index.html.erb within layouts/application (18.8ms)
Completed 200 OK in 6060ms (Views: 5980.2ms | ActiveRecord: 9.5ms)


Started GET "/assets/home.self-bfcc1e7992dad4f98c4c25e1ccec645ed87bd3b9804b0ba0a77a68046bc08001.css?body=1" for ::1 at 2015-12-07 02:24:13 +0000


Started GET "/assets/posts.self-2ce24739da7315f4102606a851b906efdebd5006031096cefb01b58b8558ece3.css?body=1" for ::1 at 2015-12-07 02:24:13 +0000


Started GET "/assets/comments.self-e3b0c44298fc1c149afbf4c8996fb92427ae41e4649b934ca495991b7852b855.css?body=1" for ::1 at 2015-12-07 02:24:13 +0000


Started GET "/assets/jquery.self-a714331225dda820228db323939889f149aec0127aeb06255646b616ba1ca419.js?body=1" for ::1 at 2015-12-07 02:24:13 +0000


Started GET "/assets/jquery_ujs.self-d456baa54c1fa6be2ec3711f0a72ddf7a5b2f34a6b4f515f33767d6207b7d4b3.js?body=1" for ::1 at 2015-12-07 02:24:13 +0000


Started GET "/assets/application.self-64c2486dbc207657502bca9dd16cf6a335cd3705b36b505c6c7240eae7198a7d.css?body=1" for ::1 at 2015-12-07 02:24:13 +0000


Started GET "/assets/bootstrap/affix.self-d2b642d8fbfc1d7041e2edefd66683ada567a980789dcd6f94fddda0b33408b5.js?body=1" for ::1 at 2015-12-07 02:24:13 +0000


Started GET "/assets/bootstrap/alert.self-a29e91e8cd3ddaba9bbc466901d53ec2127e9256b9b941905d525a3a716bd1a5.js?body=1" for ::1 at 2015-12-07 02:24:13 +0000


Started GET "/assets/turbolinks.self-c37727e9bd6b2735da5c311aa83fead54ed0be6cc8bd9a65309e9c5abe2cbfff.js?body=1" for ::1 at 2015-12-07 02:24:13 +0000


Started GET "/assets/bootstrap/button.self-a6cb16785434acb365ae426aef9f1fce05ed553cae7a965e4471c3da71509175.js?body=1" for ::1 at 2015-12-07 02:24:13 +0000


Started GET "/assets/bootstrap/collapse.self-7dc8bfbc2fbfabd2bad62c58ff8ffeaf8f20fb87c7ca6cd35f06d4dc19632587.js?body=1" for ::1 at 2015-12-07 02:24:13 +0000


Started GET "/assets/bootstrap/dropdown.self-9314126777c6be5443e37ea7f7967d7914d72b3e60449ba50edc967446373059.js?body=1" for ::1 at 2015-12-07 02:24:13 +0000


Started GET "/assets/bootstrap/carousel.self-57eb8422043cf0a85b7a9dc6843916eb0a3e35b419c7798a5eb254b918997631.js?body=1" for ::1 at 2015-12-07 02:24:13 +0000


Started GET "/assets/bootstrap/tab.self-122235057fbd4c6c7da377d59dc58f47b44cb1088a2e38e6ee6ce9d8ac29a26a.js?body=1" for ::1 at 2015-12-07 02:24:13 +0000


Started GET "/assets/bootstrap/transition.self-09ff30b1e8a93d1f7728b9855f55d9c9d8d5734c8861e0d8139994e50944572a.js?body=1" for ::1 at 2015-12-07 02:24:13 +0000


Started GET "/assets/bootstrap/tooltip.self-11cf547be953f25f511cec668f6690473fd97b2f65502e4032f4030999a3f0c3.js?body=1" for ::1 at 2015-12-07 02:24:13 +0000


Started GET "/assets/bootstrap/scrollspy.self-a155b9d4b2f978905f0326c0f6635e1134fe91c6bfbfcbad079fa24a9fef2b0e.js?body=1" for ::1 at 2015-12-07 02:24:13 +0000


Started GET "/assets/bootstrap/popover.self-77d8e3a2499c1104ef146396a68b82469ee2bdb365199b874694698d10405e9a.js?body=1" for ::1 at 2015-12-07 02:24:13 +0000


Started GET "/assets/bootstrap/modal.self-72f95ffa1071297725a9ac91989693d56d1abf23f441a47455073b0da2857a5b.js?body=1" for ::1 at 2015-12-07 02:24:13 +0000


Started GET "/assets/bootstrap-sprockets.self-fbfa5ad7d9aa0afe439ec4ff3883acc4cb92b62cb67c40d674320c9aa1d4642d.js?body=1" for ::1 at 2015-12-07 02:24:13 +0000


Started GET "/assets/home.self-877aef30ae1b040ab8a3aba4e3e309a11d7f2612f44dde450b5c157aa5f95c05.js?body=1" for ::1 at 2015-12-07 02:24:13 +0000


Started GET "/assets/posts.self-877aef30ae1b040ab8a3aba4e3e309a11d7f2612f44dde450b5c157aa5f95c05.js?body=1" for ::1 at 2015-12-07 02:24:13 +0000


Started GET "/assets/comments.self-877aef30ae1b040ab8a3aba4e3e309a11d7f2612f44dde450b5c157aa5f95c05.js?body=1" for ::1 at 2015-12-07 02:24:13 +0000


Started GET "/assets/application.self-f8806224e027f3e3f0138ea9ce99319e298dfdb323304d1f1be6eae8e8c74724.js?body=1" for ::1 at 2015-12-07 02:24:13 +0000


Started GET "/assets/bootstrap/glyphicons-halflings-regular-fc969dc1c6ff531abcf368089dcbaf5775133b0626ff56b52301a059fc0f9e1e.woff" for ::1 at 2015-12-07 02:24:13 +0000


Started GET "/posts" for ::1 at 2015-12-07 02:24:44 +0000
Processing by PostsController#index as HTML
  [1m[36mPost Load (0.3ms)[0m  [1mSELECT "posts".* FROM "posts"  ORDER BY created_at DESC[0m
  Rendered posts/index.html.erb within layouts/application (2.0ms)
Completed 200 OK in 310ms (Views: 308.4ms | ActiveRecord: 0.3ms)


Started GET "/assets/home.self-bfcc1e7992dad4f98c4c25e1ccec645ed87bd3b9804b0ba0a77a68046bc08001.css?body=1" for ::1 at 2015-12-07 02:24:44 +0000


Started GET "/assets/comments.self-e3b0c44298fc1c149afbf4c8996fb92427ae41e4649b934ca495991b7852b855.css?body=1" for ::1 at 2015-12-07 02:24:44 +0000


Started GET "/assets/posts.self-2ce24739da7315f4102606a851b906efdebd5006031096cefb01b58b8558ece3.css?body=1" for ::1 at 2015-12-07 02:24:44 +0000


Started GET "/assets/application.self-64c2486dbc207657502bca9dd16cf6a335cd3705b36b505c6c7240eae7198a7d.css?body=1" for ::1 at 2015-12-07 02:24:44 +0000


Started GET "/assets/jquery.self-a714331225dda820228db323939889f149aec0127aeb06255646b616ba1ca419.js?body=1" for ::1 at 2015-12-07 02:24:44 +0000


Started GET "/assets/bootstrap/affix.self-d2b642d8fbfc1d7041e2edefd66683ada567a980789dcd6f94fddda0b33408b5.js?body=1" for ::1 at 2015-12-07 02:24:44 +0000


Started GET "/assets/bootstrap/alert.self-a29e91e8cd3ddaba9bbc466901d53ec2127e9256b9b941905d525a3a716bd1a5.js?body=1" for ::1 at 2015-12-07 02:24:44 +0000


Started GET "/assets/turbolinks.self-c37727e9bd6b2735da5c311aa83fead54ed0be6cc8bd9a65309e9c5abe2cbfff.js?body=1" for ::1 at 2015-12-07 02:24:44 +0000


Started GET "/assets/jquery_ujs.self-d456baa54c1fa6be2ec3711f0a72ddf7a5b2f34a6b4f515f33767d6207b7d4b3.js?body=1" for ::1 at 2015-12-07 02:24:44 +0000


Started GET "/assets/bootstrap/carousel.self-57eb8422043cf0a85b7a9dc6843916eb0a3e35b419c7798a5eb254b918997631.js?body=1" for ::1 at 2015-12-07 02:24:44 +0000


Started GET "/assets/bootstrap/collapse.self-7dc8bfbc2fbfabd2bad62c58ff8ffeaf8f20fb87c7ca6cd35f06d4dc19632587.js?body=1" for ::1 at 2015-12-07 02:24:44 +0000


Started GET "/assets/bootstrap/dropdown.self-9314126777c6be5443e37ea7f7967d7914d72b3e60449ba50edc967446373059.js?body=1" for ::1 at 2015-12-07 02:24:44 +0000


Started GET "/assets/bootstrap/button.self-a6cb16785434acb365ae426aef9f1fce05ed553cae7a965e4471c3da71509175.js?body=1" for ::1 at 2015-12-07 02:24:44 +0000


Started GET "/assets/bootstrap/tab.self-122235057fbd4c6c7da377d59dc58f47b44cb1088a2e38e6ee6ce9d8ac29a26a.js?body=1" for ::1 at 2015-12-07 02:24:44 +0000


Started GET "/assets/bootstrap/transition.self-09ff30b1e8a93d1f7728b9855f55d9c9d8d5734c8861e0d8139994e50944572a.js?body=1" for ::1 at 2015-12-07 02:24:44 +0000


Started GET "/assets/bootstrap/scrollspy.self-a155b9d4b2f978905f0326c0f6635e1134fe91c6bfbfcbad079fa24a9fef2b0e.js?body=1" for ::1 at 2015-12-07 02:24:44 +0000


Started GET "/assets/bootstrap/modal.self-72f95ffa1071297725a9ac91989693d56d1abf23f441a47455073b0da2857a5b.js?body=1" for ::1 at 2015-12-07 02:24:44 +0000


Started GET "/assets/bootstrap/tooltip.self-11cf547be953f25f511cec668f6690473fd97b2f65502e4032f4030999a3f0c3.js?body=1" for ::1 at 2015-12-07 02:24:44 +0000


Started GET "/assets/bootstrap/popover.self-77d8e3a2499c1104ef146396a68b82469ee2bdb365199b874694698d10405e9a.js?body=1" for ::1 at 2015-12-07 02:24:44 +0000


Started GET "/assets/bootstrap-sprockets.self-fbfa5ad7d9aa0afe439ec4ff3883acc4cb92b62cb67c40d674320c9aa1d4642d.js?body=1" for ::1 at 2015-12-07 02:24:44 +0000


Started GET "/assets/comments.self-877aef30ae1b040ab8a3aba4e3e309a11d7f2612f44dde450b5c157aa5f95c05.js?body=1" for ::1 at 2015-12-07 02:24:44 +0000


Started GET "/assets/home.self-877aef30ae1b040ab8a3aba4e3e309a11d7f2612f44dde450b5c157aa5f95c05.js?body=1" for ::1 at 2015-12-07 02:24:44 +0000


Started GET "/assets/posts.self-877aef30ae1b040ab8a3aba4e3e309a11d7f2612f44dde450b5c157aa5f95c05.js?body=1" for ::1 at 2015-12-07 02:24:44 +0000


Started GET "/assets/application.self-f8806224e027f3e3f0138ea9ce99319e298dfdb323304d1f1be6eae8e8c74724.js?body=1" for ::1 at 2015-12-07 02:24:44 +0000


Started GET "/assets/bootstrap/glyphicons-halflings-regular-fc969dc1c6ff531abcf368089dcbaf5775133b0626ff56b52301a059fc0f9e1e.woff" for ::1 at 2015-12-07 02:24:44 +0000


Started GET "/posts" for ::1 at 2015-12-07 02:24:53 +0000
Processing by PostsController#index as HTML
  [1m[35mPost Load (0.2ms)[0m  SELECT "posts".* FROM "posts"  ORDER BY created_at DESC
  Rendered posts/index.html.erb within layouts/application (1.1ms)
Completed 200 OK in 134ms (Views: 133.4ms | ActiveRecord: 0.2ms)


Started GET "/assets/comments.self-e3b0c44298fc1c149afbf4c8996fb92427ae41e4649b934ca495991b7852b855.css?body=1" for ::1 at 2015-12-07 02:24:53 +0000


Started GET "/assets/posts.self-2ce24739da7315f4102606a851b906efdebd5006031096cefb01b58b8558ece3.css?body=1" for ::1 at 2015-12-07 02:24:53 +0000


Started GET "/assets/home.self-bfcc1e7992dad4f98c4c25e1ccec645ed87bd3b9804b0ba0a77a68046bc08001.css?body=1" for ::1 at 2015-12-07 02:24:53 +0000


Started GET "/assets/application.self-64c2486dbc207657502bca9dd16cf6a335cd3705b36b505c6c7240eae7198a7d.css?body=1" for ::1 at 2015-12-07 02:24:54 +0000


Started GET "/assets/jquery.self-a714331225dda820228db323939889f149aec0127aeb06255646b616ba1ca419.js?body=1" for ::1 at 2015-12-07 02:24:54 +0000


Started GET "/assets/jquery_ujs.self-d456baa54c1fa6be2ec3711f0a72ddf7a5b2f34a6b4f515f33767d6207b7d4b3.js?body=1" for ::1 at 2015-12-07 02:24:54 +0000


Started GET "/assets/turbolinks.self-c37727e9bd6b2735da5c311aa83fead54ed0be6cc8bd9a65309e9c5abe2cbfff.js?body=1" for ::1 at 2015-12-07 02:24:54 +0000


Started GET "/assets/bootstrap/affix.self-d2b642d8fbfc1d7041e2edefd66683ada567a980789dcd6f94fddda0b33408b5.js?body=1" for ::1 at 2015-12-07 02:24:54 +0000


Started GET "/assets/bootstrap/alert.self-a29e91e8cd3ddaba9bbc466901d53ec2127e9256b9b941905d525a3a716bd1a5.js?body=1" for ::1 at 2015-12-07 02:24:54 +0000


Started GET "/assets/bootstrap/button.self-a6cb16785434acb365ae426aef9f1fce05ed553cae7a965e4471c3da71509175.js?body=1" for ::1 at 2015-12-07 02:24:54 +0000


Started GET "/assets/bootstrap/carousel.self-57eb8422043cf0a85b7a9dc6843916eb0a3e35b419c7798a5eb254b918997631.js?body=1" for ::1 at 2015-12-07 02:24:54 +0000


Started GET "/assets/bootstrap/collapse.self-7dc8bfbc2fbfabd2bad62c58ff8ffeaf8f20fb87c7ca6cd35f06d4dc19632587.js?body=1" for ::1 at 2015-12-07 02:24:54 +0000


Started GET "/assets/bootstrap/dropdown.self-9314126777c6be5443e37ea7f7967d7914d72b3e60449ba50edc967446373059.js?body=1" for ::1 at 2015-12-07 02:24:54 +0000


Started GET "/assets/bootstrap/tab.self-122235057fbd4c6c7da377d59dc58f47b44cb1088a2e38e6ee6ce9d8ac29a26a.js?body=1" for ::1 at 2015-12-07 02:24:54 +0000


Started GET "/assets/bootstrap/transition.self-09ff30b1e8a93d1f7728b9855f55d9c9d8d5734c8861e0d8139994e50944572a.js?body=1" for ::1 at 2015-12-07 02:24:54 +0000


Started GET "/assets/bootstrap/scrollspy.self-a155b9d4b2f978905f0326c0f6635e1134fe91c6bfbfcbad079fa24a9fef2b0e.js?body=1" for ::1 at 2015-12-07 02:24:54 +0000


Started GET "/assets/bootstrap/modal.self-72f95ffa1071297725a9ac91989693d56d1abf23f441a47455073b0da2857a5b.js?body=1" for ::1 at 2015-12-07 02:24:54 +0000


Started GET "/assets/bootstrap/tooltip.self-11cf547be953f25f511cec668f6690473fd97b2f65502e4032f4030999a3f0c3.js?body=1" for ::1 at 2015-12-07 02:24:54 +0000


Started GET "/assets/bootstrap/popover.self-77d8e3a2499c1104ef146396a68b82469ee2bdb365199b874694698d10405e9a.js?body=1" for ::1 at 2015-12-07 02:24:54 +0000


Started GET "/assets/bootstrap-sprockets.self-fbfa5ad7d9aa0afe439ec4ff3883acc4cb92b62cb67c40d674320c9aa1d4642d.js?body=1" for ::1 at 2015-12-07 02:24:54 +0000


Started GET "/assets/comments.self-877aef30ae1b040ab8a3aba4e3e309a11d7f2612f44dde450b5c157aa5f95c05.js?body=1" for ::1 at 2015-12-07 02:24:54 +0000


Started GET "/assets/home.self-877aef30ae1b040ab8a3aba4e3e309a11d7f2612f44dde450b5c157aa5f95c05.js?body=1" for ::1 at 2015-12-07 02:24:54 +0000


Started GET "/assets/posts.self-877aef30ae1b040ab8a3aba4e3e309a11d7f2612f44dde450b5c157aa5f95c05.js?body=1" for ::1 at 2015-12-07 02:24:54 +0000


Started GET "/assets/application.self-f8806224e027f3e3f0138ea9ce99319e298dfdb323304d1f1be6eae8e8c74724.js?body=1" for ::1 at 2015-12-07 02:24:54 +0000


Started GET "/assets/bootstrap/glyphicons-halflings-regular-fc969dc1c6ff531abcf368089dcbaf5775133b0626ff56b52301a059fc0f9e1e.woff" for ::1 at 2015-12-07 02:24:54 +0000


Started GET "/home/index" for ::1 at 2015-12-07 02:25:04 +0000
Processing by HomeController#index as HTML
  Rendered home/index.html.erb within layouts/application (0.7ms)
Completed 200 OK in 205ms (Views: 203.8ms | ActiveRecord: 0.0ms)


Started GET "/posts" for ::1 at 2015-12-07 02:25:08 +0000
Processing by PostsController#index as HTML
  [1m[36mPost Load (0.2ms)[0m  [1mSELECT "posts".* FROM "posts"  ORDER BY created_at DESC[0m
  Rendered posts/index.html.erb within layouts/application (2.2ms)
Completed 200 OK in 143ms (Views: 141.6ms | ActiveRecord: 0.2ms)


Started GET "/posts?utf8=%E2%9C%93&search=huhu" for ::1 at 2015-12-07 02:25:18 +0000
Processing by PostsController#index as HTML
  Parameters: {"utf8"=>"✓", "search"=>"huhu"}
  [1m[35mPost Load (0.2ms)[0m  SELECT "posts".* FROM "posts" WHERE (title like '%huhu%')  ORDER BY created_at DESC
  Rendered posts/index.html.erb within layouts/application (1.4ms)
Completed 200 OK in 121ms (Views: 120.0ms | ActiveRecord: 0.2ms)


Started GET "/posts?utf8=%E2%9C%93&search=huhu" for ::1 at 2015-12-07 02:25:20 +0000
Processing by PostsController#index as HTML
  Parameters: {"utf8"=>"✓", "search"=>"huhu"}
  [1m[36mPost Load (0.2ms)[0m  [1mSELECT "posts".* FROM "posts" WHERE (title like '%huhu%')  ORDER BY created_at DESC[0m
  Rendered posts/index.html.erb within layouts/application (0.9ms)
Completed 200 OK in 120ms (Views: 119.7ms | ActiveRecord: 0.2ms)


Started GET "/posts/2/edit" for ::1 at 2015-12-07 02:25:29 +0000
Processing by PostsController#edit as HTML
  Parameters: {"id"=>"2"}
  [1m[35mPost Load (0.3ms)[0m  SELECT  "posts".* FROM "posts" WHERE "posts"."id" = ? LIMIT 1  [["id", 2]]
  Rendered posts/_form.html.erb (136.6ms)
  Rendered posts/edit.html.erb within layouts/application (191.2ms)
Completed 200 OK in 421ms (Views: 333.5ms | ActiveRecord: 0.3ms)


Started PATCH "/posts/2" for ::1 at 2015-12-07 02:25:34 +0000
Processing by PostsController#update as HTML
  Parameters: {"utf8"=>"✓", "authenticity_token"=>"wTz2cN8FrCRWTEkKkz7UKPNklwBjAuM0Cv91KneOXBosCB6WjQgKJsnbOd2ehvHsLYwPAcbMryV8fPavDgn7Eg==", "post"=>{"title"=>"huhu", "text"=>"dddddhh"}, "commit"=>"Update Post", "id"=>"2"}
  [1m[36mPost Load (0.1ms)[0m  [1mSELECT  "posts".* FROM "posts" WHERE "posts"."id" = ? LIMIT 1[0m  [["id", 2]]
  [1m[35m (0.1ms)[0m  begin transaction
  [1m[36m (0.1ms)[0m  [1mcommit transaction[0m
Redirected to http://localhost:3000/posts/2
Completed 302 Found in 4ms (ActiveRecord: 0.3ms)


Started GET "/posts/2" for ::1 at 2015-12-07 02:25:34 +0000
Processing by PostsController#show as HTML
  Parameters: {"id"=>"2"}
  [1m[35mPost Load (0.1ms)[0m  SELECT  "posts".* FROM "posts" WHERE "posts"."id" = ? LIMIT 1  [["id", 2]]
  [1m[36mComment Load (10.0ms)[0m  [1mSELECT "comments".* FROM "comments" WHERE "comments"."post_id" = ?[0m  [["post_id", 2]]
  Rendered posts/show.html.erb within layouts/application (83.0ms)
Completed 200 OK in 264ms (Views: 252.9ms | ActiveRecord: 10.4ms)


Started POST "/posts/2/comments" for ::1 at 2015-12-07 02:25:58 +0000
Processing by CommentsController#create as HTML
  Parameters: {"utf8"=>"✓", "authenticity_token"=>"GOr/GGRpUK/YVgu+f9RsrJ+QkqQxgrGh6P49wPTR5f713hf+NmT2rUfBe2lybEloQXgKpZRM/bCefb5FjVZC9g==", "comment"=>{"commenter"=>"sarah", "body"=>"hghjgfdshjdgfjhdsfg sjfgfhuidsf\r\n"}, "commit"=>"Create Comment", "post_id"=>"2"}
  [1m[35mPost Load (0.1ms)[0m  SELECT  "posts".* FROM "posts" WHERE "posts"."id" = ? LIMIT 1  [["id", 2]]
  [1m[36m (0.1ms)[0m  [1mbegin transaction[0m
  [1m[35mSQL (11.6ms)[0m  INSERT INTO "comments" ("commenter", "body", "post_id", "created_at", "updated_at") VALUES (?, ?, ?, ?, ?)  [["commenter", "sarah"], ["body", "hghjgfdshjdgfjhdsfg sjfgfhuidsf\r\n"], ["post_id", 2], ["created_at", "2015-12-07 02:25:58.576085"], ["updated_at", "2015-12-07 02:25:58.576085"]]
  [1m[36m (4.7ms)[0m  [1mcommit transaction[0m
Redirected to http://localhost:3000/posts/2
Completed 302 Found in 21ms (ActiveRecord: 16.4ms)


Started GET "/posts/2" for ::1 at 2015-12-07 02:25:58 +0000
Processing by PostsController#show as HTML
  Parameters: {"id"=>"2"}
  [1m[35mPost Load (0.1ms)[0m  SELECT  "posts".* FROM "posts" WHERE "posts"."id" = ? LIMIT 1  [["id", 2]]
  [1m[36mComment Load (0.1ms)[0m  [1mSELECT "comments".* FROM "comments" WHERE "comments"."post_id" = ?[0m  [["post_id", 2]]
  Rendered posts/show.html.erb within layouts/application (2.7ms)
Completed 200 OK in 132ms (Views: 130.9ms | ActiveRecord: 0.2ms)


Started POST "/posts/2/comments" for ::1 at 2015-12-07 02:26:10 +0000
Processing by CommentsController#create as HTML
  Parameters: {"utf8"=>"✓", "authenticity_token"=>"KjojAu8U4MvDwNv2QLvuYg/Koo0+3l/yfHbF/cvtAwDHDsvkvRlGyVxXqyFNA8um0SI6jJsQE+MK9UZ4smqkCA==", "comment"=>{"commenter"=>"jiji", "body"=>"hghjh"}, "commit"=>"Create Comment", "post_id"=>"2"}
  [1m[35mPost Load (0.1ms)[0m  SELECT  "posts".* FROM "posts" WHERE "posts"."id" = ? LIMIT 1  [["id", 2]]
  [1m[36m (0.1ms)[0m  [1mbegin transaction[0m
  [1m[35mSQL (0.3ms)[0m  INSERT INTO "comments" ("commenter", "body", "post_id", "created_at", "updated_at") VALUES (?, ?, ?, ?, ?)  [["commenter", "jiji"], ["body", "hghjh"], ["post_id", 2], ["created_at", "2015-12-07 02:26:10.088960"], ["updated_at", "2015-12-07 02:26:10.088960"]]
  [1m[36m (27.9ms)[0m  [1mcommit transaction[0m
Redirected to http://localhost:3000/posts/2
Completed 302 Found in 33ms (ActiveRecord: 28.4ms)


Started GET "/posts/2" for ::1 at 2015-12-07 02:26:10 +0000
Processing by PostsController#show as HTML
  Parameters: {"id"=>"2"}
  [1m[35mPost Load (0.1ms)[0m  SELECT  "posts".* FROM "posts" WHERE "posts"."id" = ? LIMIT 1  [["id", 2]]
  [1m[36mComment Load (0.1ms)[0m  [1mSELECT "comments".* FROM "comments" WHERE "comments"."post_id" = ?[0m  [["post_id", 2]]
  Rendered posts/show.html.erb within layouts/application (2.8ms)
Completed 200 OK in 125ms (Views: 123.6ms | ActiveRecord: 0.2ms)


Started POST "/posts/2/comments" for ::1 at 2015-12-07 02:26:35 +0000
Processing by CommentsController#create as HTML
  Parameters: {"utf8"=>"✓", "authenticity_token"=>"rPn211cyogg80N8wLGomTK0ZCXYwj2XNOt2cFNFsNK9BzR4xBT8ECqNHr+ch0gOIc/GRd5VBKdxMXh+RqOuTpw==", "comment"=>{"commenter"=>"sarah", "body"=>"nice blog"}, "commit"=>"Create Comment", "post_id"=>"2"}
  [1m[35mPost Load (0.1ms)[0m  SELECT  "posts".* FROM "posts" WHERE "posts"."id" = ? LIMIT 1  [["id", 2]]
  [1m[36m (0.0ms)[0m  [1mbegin transaction[0m
  [1m[35mSQL (0.3ms)[0m  INSERT INTO "comments" ("commenter", "body", "post_id", "created_at", "updated_at") VALUES (?, ?, ?, ?, ?)  [["commenter", "sarah"], ["body", "nice blog"], ["post_id", 2], ["created_at", "2015-12-07 02:26:35.319647"], ["updated_at", "2015-12-07 02:26:35.319647"]]
  [1m[36m (1.5ms)[0m  [1mcommit transaction[0m
Redirected to http://localhost:3000/posts/2
Completed 302 Found in 5ms (ActiveRecord: 1.9ms)


Started GET "/posts/2" for ::1 at 2015-12-07 02:26:35 +0000
Processing by PostsController#show as HTML
  Parameters: {"id"=>"2"}
  [1m[35mPost Load (0.1ms)[0m  SELECT  "posts".* FROM "posts" WHERE "posts"."id" = ? LIMIT 1  [["id", 2]]
  [1m[36mComment Load (0.1ms)[0m  [1mSELECT "comments".* FROM "comments" WHERE "comments"."post_id" = ?[0m  [["post_id", 2]]
  Rendered posts/show.html.erb within layouts/application (2.6ms)
Completed 200 OK in 121ms (Views: 119.8ms | ActiveRecord: 0.2ms)


Started GET "/home/index" for ::1 at 2015-12-07 02:26:41 +0000
Processing by HomeController#index as HTML
  Rendered home/index.html.erb within layouts/application (0.0ms)
Completed 200 OK in 179ms (Views: 179.0ms | ActiveRecord: 0.0ms)


Started GET "/posts" for ::1 at 2015-12-07 02:26:44 +0000
Processing by PostsController#index as HTML
  [1m[35mPost Load (0.2ms)[0m  SELECT "posts".* FROM "posts"  ORDER BY created_at DESC
  Rendered posts/index.html.erb within layouts/application (1.6ms)
Completed 200 OK in 199ms (Views: 197.8ms | ActiveRecord: 0.2ms)


Started GET "/posts/1" for ::1 at 2015-12-07 02:26:52 +0000
Processing by PostsController#show as HTML
  Parameters: {"id"=>"1"}
  [1m[36mPost Load (0.1ms)[0m  [1mSELECT  "posts".* FROM "posts" WHERE "posts"."id" = ? LIMIT 1[0m  [["id", 1]]
  [1m[35mComment Load (0.1ms)[0m  SELECT "comments".* FROM "comments" WHERE "comments"."post_id" = ?  [["post_id", 1]]
  Rendered posts/show.html.erb within layouts/application (3.0ms)
Completed 200 OK in 139ms (Views: 137.3ms | ActiveRecord: 0.2ms)


Started GET "/posts" for ::1 at 2015-12-07 02:29:33 +0000
Processing by PostsController#index as HTML
  [1m[36mPost Load (0.2ms)[0m  [1mSELECT "posts".* FROM "posts"  ORDER BY created_at DESC[0m
  Rendered posts/index.html.erb within layouts/application (1.4ms)
Completed 200 OK in 498ms (Views: 496.6ms | ActiveRecord: 0.2ms)


Started GET "/posts/2/edit" for ::1 at 2015-12-07 02:29:46 +0000
Processing by PostsController#edit as HTML
  Parameters: {"id"=>"2"}
  [1m[35mPost Load (0.1ms)[0m  SELECT  "posts".* FROM "posts" WHERE "posts"."id" = ? LIMIT 1  [["id", 2]]
  Rendered posts/_form.html.erb (1.9ms)
  Rendered posts/edit.html.erb within layouts/application (3.2ms)
Completed 200 OK in 159ms (Views: 158.0ms | ActiveRecord: 0.1ms)


Started GET "/home/index" for ::1 at 2015-12-07 02:32:42 +0000
Processing by HomeController#index as HTML
  Rendered home/index.html.erb within layouts/application (0.1ms)
Completed 200 OK in 508ms (Views: 507.6ms | ActiveRecord: 0.0ms)


Started GET "/posts" for ::1 at 2015-12-07 02:32:44 +0000
Processing by PostsController#index as HTML
  [1m[36mPost Load (0.2ms)[0m  [1mSELECT "posts".* FROM "posts"  ORDER BY created_at DESC[0m
  Rendered posts/index.html.erb within layouts/application (69.9ms)
Completed 500 Internal Server Error in 73ms (ActiveRecord: 0.2ms)

ActionView::Template::Error (undefined method `view_post_path' for #<#<Class:0x007fb36f928b30>:0x007fb373b3ed80>):
     7:             <p><%= link_to 'Destroy', post_path(post), method: :delete, data: {confirm: 'Are you sure?'} %></p>
     8:             
     9:             
    10:             <p><%= link_to 'View', view_post_path(@post) %></p>
    11:             
    12:         </div>
    13:     </article>
  app/views/posts/index.html.erb:10:in `block in _app_views_posts_index_html_erb__2317292416134753175_70204358520060'
  app/views/posts/index.html.erb:1:in `_app_views_posts_index_html_erb__2317292416134753175_70204358520060'


  Rendered /Users/Shamel/.rbenv/versions/2.1.7/lib/ruby/gems/2.1.0/gems/actionpack-4.2.4/lib/action_dispatch/middleware/templates/rescues/_source.erb (8.8ms)
  Rendered /Users/Shamel/.rbenv/versions/2.1.7/lib/ruby/gems/2.1.0/gems/actionpack-4.2.4/lib/action_dispatch/middleware/templates/rescues/_trace.html.erb (3.0ms)
  Rendered /Users/Shamel/.rbenv/versions/2.1.7/lib/ruby/gems/2.1.0/gems/actionpack-4.2.4/lib/action_dispatch/middleware/templates/rescues/_request_and_response.html.erb (1.0ms)
  Rendered /Users/Shamel/.rbenv/versions/2.1.7/lib/ruby/gems/2.1.0/gems/actionpack-4.2.4/lib/action_dispatch/middleware/templates/rescues/template_error.html.erb within rescues/layout (30.3ms)
  Rendered /Users/Shamel/.rbenv/versions/2.1.7/lib/ruby/gems/2.1.0/gems/web-console-2.2.1/lib/web_console/templates/_markup.html.erb (0.5ms)
  Rendered /Users/Shamel/.rbenv/versions/2.1.7/lib/ruby/gems/2.1.0/gems/web-console-2.2.1/lib/web_console/templates/_inner_console_markup.html.erb within layouts/inlined_string (0.4ms)
  Rendered /Users/Shamel/.rbenv/versions/2.1.7/lib/ruby/gems/2.1.0/gems/web-console-2.2.1/lib/web_console/templates/_prompt_box_markup.html.erb within layouts/inlined_string (0.5ms)
  Rendered /Users/Shamel/.rbenv/versions/2.1.7/lib/ruby/gems/2.1.0/gems/web-console-2.2.1/lib/web_console/templates/style.css.erb within layouts/inlined_string (0.3ms)
  Rendered /Users/Shamel/.rbenv/versions/2.1.7/lib/ruby/gems/2.1.0/gems/web-console-2.2.1/lib/web_console/templates/console.js.erb within layouts/javascript (21.1ms)
  Rendered /Users/Shamel/.rbenv/versions/2.1.7/lib/ruby/gems/2.1.0/gems/web-console-2.2.1/lib/web_console/templates/main.js.erb within layouts/javascript (0.3ms)
  Rendered /Users/Shamel/.rbenv/versions/2.1.7/lib/ruby/gems/2.1.0/gems/web-console-2.2.1/lib/web_console/templates/error_page.js.erb within layouts/javascript (0.5ms)
  Rendered /Users/Shamel/.rbenv/versions/2.1.7/lib/ruby/gems/2.1.0/gems/web-console-2.2.1/lib/web_console/templates/index.html.erb (47.3ms)


Started GET "/posts" for ::1 at 2015-12-07 02:32:45 +0000
Processing by PostsController#index as HTML
  [1m[35mPost Load (0.2ms)[0m  SELECT "posts".* FROM "posts"  ORDER BY created_at DESC
  Rendered posts/index.html.erb within layouts/application (13.5ms)
Completed 500 Internal Server Error in 16ms (ActiveRecord: 0.2ms)

ActionView::Template::Error (undefined method `view_post_path' for #<#<Class:0x007fb36f928b30>:0x007fb371bbaf40>):
     7:             <p><%= link_to 'Destroy', post_path(post), method: :delete, data: {confirm: 'Are you sure?'} %></p>
     8:             
     9:             
    10:             <p><%= link_to 'View', view_post_path(@post) %></p>
    11:             
    12:         </div>
    13:     </article>
  app/views/posts/index.html.erb:10:in `block in _app_views_posts_index_html_erb__2317292416134753175_70204341996720'
  app/views/posts/index.html.erb:1:in `_app_views_posts_index_html_erb__2317292416134753175_70204341996720'


  Rendered /Users/Shamel/.rbenv/versions/2.1.7/lib/ruby/gems/2.1.0/gems/actionpack-4.2.4/lib/action_dispatch/middleware/templates/rescues/_source.erb (6.6ms)
  Rendered /Users/Shamel/.rbenv/versions/2.1.7/lib/ruby/gems/2.1.0/gems/actionpack-4.2.4/lib/action_dispatch/middleware/templates/rescues/_trace.html.erb (3.2ms)
  Rendered /Users/Shamel/.rbenv/versions/2.1.7/lib/ruby/gems/2.1.0/gems/actionpack-4.2.4/lib/action_dispatch/middleware/templates/rescues/_request_and_response.html.erb (0.9ms)
  Rendered /Users/Shamel/.rbenv/versions/2.1.7/lib/ruby/gems/2.1.0/gems/actionpack-4.2.4/lib/action_dispatch/middleware/templates/rescues/template_error.html.erb within rescues/layout (24.3ms)
  Rendered /Users/Shamel/.rbenv/versions/2.1.7/lib/ruby/gems/2.1.0/gems/web-console-2.2.1/lib/web_console/templates/_markup.html.erb (0.3ms)
  Rendered /Users/Shamel/.rbenv/versions/2.1.7/lib/ruby/gems/2.1.0/gems/web-console-2.2.1/lib/web_console/templates/_inner_console_markup.html.erb within layouts/inlined_string (0.3ms)
  Rendered /Users/Shamel/.rbenv/versions/2.1.7/lib/ruby/gems/2.1.0/gems/web-console-2.2.1/lib/web_console/templates/_prompt_box_markup.html.erb within layouts/inlined_string (0.2ms)
  Rendered /Users/Shamel/.rbenv/versions/2.1.7/lib/ruby/gems/2.1.0/gems/web-console-2.2.1/lib/web_console/templates/style.css.erb within layouts/inlined_string (0.4ms)
  Rendered /Users/Shamel/.rbenv/versions/2.1.7/lib/ruby/gems/2.1.0/gems/web-console-2.2.1/lib/web_console/templates/console.js.erb within layouts/javascript (14.6ms)
  Rendered /Users/Shamel/.rbenv/versions/2.1.7/lib/ruby/gems/2.1.0/gems/web-console-2.2.1/lib/web_console/templates/main.js.erb within layouts/javascript (0.3ms)
  Rendered /Users/Shamel/.rbenv/versions/2.1.7/lib/ruby/gems/2.1.0/gems/web-console-2.2.1/lib/web_console/templates/error_page.js.erb within layouts/javascript (0.4ms)
  Rendered /Users/Shamel/.rbenv/versions/2.1.7/lib/ruby/gems/2.1.0/gems/web-console-2.2.1/lib/web_console/templates/index.html.erb (30.4ms)


Started GET "/posts" for ::1 at 2015-12-07 02:33:16 +0000
Processing by PostsController#index as HTML
  [1m[36mPost Load (0.2ms)[0m  [1mSELECT "posts".* FROM "posts"  ORDER BY created_at DESC[0m
  Rendered posts/index.html.erb within layouts/application (2.6ms)
Completed 200 OK in 287ms (Views: 285.9ms | ActiveRecord: 0.2ms)


Started GET "/assets/home.self-bfcc1e7992dad4f98c4c25e1ccec645ed87bd3b9804b0ba0a77a68046bc08001.css?body=1" for ::1 at 2015-12-07 02:33:16 +0000


Started GET "/assets/posts.self-2ce24739da7315f4102606a851b906efdebd5006031096cefb01b58b8558ece3.css?body=1" for ::1 at 2015-12-07 02:33:16 +0000


Started GET "/assets/comments.self-e3b0c44298fc1c149afbf4c8996fb92427ae41e4649b934ca495991b7852b855.css?body=1" for ::1 at 2015-12-07 02:33:16 +0000


Started GET "/assets/application.self-64c2486dbc207657502bca9dd16cf6a335cd3705b36b505c6c7240eae7198a7d.css?body=1" for ::1 at 2015-12-07 02:33:16 +0000


Started GET "/assets/jquery.self-a714331225dda820228db323939889f149aec0127aeb06255646b616ba1ca419.js?body=1" for ::1 at 2015-12-07 02:33:16 +0000


Started GET "/assets/jquery_ujs.self-d456baa54c1fa6be2ec3711f0a72ddf7a5b2f34a6b4f515f33767d6207b7d4b3.js?body=1" for ::1 at 2015-12-07 02:33:16 +0000


Started GET "/assets/turbolinks.self-c37727e9bd6b2735da5c311aa83fead54ed0be6cc8bd9a65309e9c5abe2cbfff.js?body=1" for ::1 at 2015-12-07 02:33:16 +0000


Started GET "/assets/bootstrap/affix.self-d2b642d8fbfc1d7041e2edefd66683ada567a980789dcd6f94fddda0b33408b5.js?body=1" for ::1 at 2015-12-07 02:33:16 +0000


Started GET "/assets/bootstrap/alert.self-a29e91e8cd3ddaba9bbc466901d53ec2127e9256b9b941905d525a3a716bd1a5.js?body=1" for ::1 at 2015-12-07 02:33:16 +0000


Started GET "/assets/bootstrap/button.self-a6cb16785434acb365ae426aef9f1fce05ed553cae7a965e4471c3da71509175.js?body=1" for ::1 at 2015-12-07 02:33:16 +0000


Started GET "/assets/bootstrap/carousel.self-57eb8422043cf0a85b7a9dc6843916eb0a3e35b419c7798a5eb254b918997631.js?body=1" for ::1 at 2015-12-07 02:33:16 +0000


Started GET "/assets/bootstrap/collapse.self-7dc8bfbc2fbfabd2bad62c58ff8ffeaf8f20fb87c7ca6cd35f06d4dc19632587.js?body=1" for ::1 at 2015-12-07 02:33:16 +0000


Started GET "/assets/bootstrap/dropdown.self-9314126777c6be5443e37ea7f7967d7914d72b3e60449ba50edc967446373059.js?body=1" for ::1 at 2015-12-07 02:33:16 +0000


Started GET "/assets/bootstrap/tab.self-122235057fbd4c6c7da377d59dc58f47b44cb1088a2e38e6ee6ce9d8ac29a26a.js?body=1" for ::1 at 2015-12-07 02:33:16 +0000


Started GET "/assets/bootstrap/transition.self-09ff30b1e8a93d1f7728b9855f55d9c9d8d5734c8861e0d8139994e50944572a.js?body=1" for ::1 at 2015-12-07 02:33:16 +0000


Started GET "/assets/bootstrap/modal.self-72f95ffa1071297725a9ac91989693d56d1abf23f441a47455073b0da2857a5b.js?body=1" for ::1 at 2015-12-07 02:33:16 +0000


Started GET "/assets/bootstrap/tooltip.self-11cf547be953f25f511cec668f6690473fd97b2f65502e4032f4030999a3f0c3.js?body=1" for ::1 at 2015-12-07 02:33:16 +0000


Started GET "/assets/bootstrap/scrollspy.self-a155b9d4b2f978905f0326c0f6635e1134fe91c6bfbfcbad079fa24a9fef2b0e.js?body=1" for ::1 at 2015-12-07 02:33:16 +0000


Started GET "/assets/bootstrap/popover.self-77d8e3a2499c1104ef146396a68b82469ee2bdb365199b874694698d10405e9a.js?body=1" for ::1 at 2015-12-07 02:33:16 +0000


Started GET "/assets/bootstrap-sprockets.self-fbfa5ad7d9aa0afe439ec4ff3883acc4cb92b62cb67c40d674320c9aa1d4642d.js?body=1" for ::1 at 2015-12-07 02:33:16 +0000


Started GET "/assets/home.self-877aef30ae1b040ab8a3aba4e3e309a11d7f2612f44dde450b5c157aa5f95c05.js?body=1" for ::1 at 2015-12-07 02:33:16 +0000


Started GET "/assets/posts.self-877aef30ae1b040ab8a3aba4e3e309a11d7f2612f44dde450b5c157aa5f95c05.js?body=1" for ::1 at 2015-12-07 02:33:16 +0000


Started GET "/assets/comments.self-877aef30ae1b040ab8a3aba4e3e309a11d7f2612f44dde450b5c157aa5f95c05.js?body=1" for ::1 at 2015-12-07 02:33:16 +0000


Started GET "/assets/application.self-f8806224e027f3e3f0138ea9ce99319e298dfdb323304d1f1be6eae8e8c74724.js?body=1" for ::1 at 2015-12-07 02:33:16 +0000


Started GET "/assets/bootstrap/glyphicons-halflings-regular-fc969dc1c6ff531abcf368089dcbaf5775133b0626ff56b52301a059fc0f9e1e.woff" for ::1 at 2015-12-07 02:33:16 +0000


Started GET "/posts/2/edit" for ::1 at 2015-12-07 02:33:20 +0000
Processing by PostsController#edit as HTML
  Parameters: {"id"=>"2"}
  [1m[35mPost Load (0.1ms)[0m  SELECT  "posts".* FROM "posts" WHERE "posts"."id" = ? LIMIT 1  [["id", 2]]
  Rendered posts/_form.html.erb (2.0ms)
  Rendered posts/edit.html.erb within layouts/application (3.4ms)
Completed 200 OK in 207ms (Views: 206.4ms | ActiveRecord: 0.1ms)


Started PATCH "/posts/2" for ::1 at 2015-12-07 02:33:29 +0000
Processing by PostsController#update as HTML
  Parameters: {"utf8"=>"✓", "authenticity_token"=>"zTIeVCG/lubzYcq1tIRtU+TVn4IdJFv6Q/iLIqkeCmYgBvayc7Iw5Gz2umK5PEiXOj0Hg7jqF+s1ewin0Jmtbg==", "post"=>{"title"=>"huhu", "text"=>"ddddd"}, "commit"=>"Update Post", "id"=>"2"}
  [1m[36mPost Load (0.2ms)[0m  [1mSELECT  "posts".* FROM "posts" WHERE "posts"."id" = ? LIMIT 1[0m  [["id", 2]]
  [1m[35m (0.1ms)[0m  begin transaction
  [1m[36m (0.1ms)[0m  [1mcommit transaction[0m
Redirected to http://localhost:3000/posts/2
Completed 302 Found in 3ms (ActiveRecord: 0.3ms)


Started GET "/posts/2" for ::1 at 2015-12-07 02:33:29 +0000
Processing by PostsController#show as HTML
  Parameters: {"id"=>"2"}
  [1m[35mPost Load (0.1ms)[0m  SELECT  "posts".* FROM "posts" WHERE "posts"."id" = ? LIMIT 1  [["id", 2]]
  [1m[36mComment Load (0.1ms)[0m  [1mSELECT "comments".* FROM "comments" WHERE "comments"."post_id" = ?[0m  [["post_id", 2]]
  Rendered posts/show.html.erb within layouts/application (4.9ms)
Completed 200 OK in 186ms (Views: 185.1ms | ActiveRecord: 0.2ms)


Started GET "/" for ::1 at 2015-12-07 03:01:52 +0000
  [1m[36mActiveRecord::SchemaMigration Load (0.5ms)[0m  [1mSELECT "schema_migrations".* FROM "schema_migrations"[0m
Processing by HomeController#index as HTML
  Rendered home/index.html.erb within layouts/application (2.0ms)
Completed 200 OK in 1321ms (Views: 1285.0ms | ActiveRecord: 0.0ms)


Started GET "/posts" for ::1 at 2015-12-07 03:01:57 +0000
Processing by PostsController#index as HTML
  [1m[35mPost Load (0.6ms)[0m  SELECT "posts".* FROM "posts"  ORDER BY created_at DESC
  Rendered posts/index.html.erb within layouts/application (12.6ms)
Completed 200 OK in 196ms (Views: 175.6ms | ActiveRecord: 1.4ms)


Started GET "/posts/2/edit" for ::1 at 2015-12-07 03:02:00 +0000
Processing by PostsController#edit as HTML
  Parameters: {"id"=>"2"}
  [1m[36mPost Load (0.2ms)[0m  [1mSELECT  "posts".* FROM "posts" WHERE "posts"."id" = ? LIMIT 1[0m  [["id", 2]]
  Rendered posts/_form.html.erb (104.1ms)
  Rendered posts/edit.html.erb within layouts/application (123.0ms)
Completed 200 OK in 397ms (Views: 341.6ms | ActiveRecord: 0.2ms)


Started GET "/posts/2/" for ::1 at 2015-12-07 03:02:06 +0000
Processing by PostsController#show as HTML
  Parameters: {"id"=>"2"}
  [1m[35mPost Load (0.1ms)[0m  SELECT  "posts".* FROM "posts" WHERE "posts"."id" = ? LIMIT 1  [["id", 2]]
  [1m[36mComment Load (38.9ms)[0m  [1mSELECT "comments".* FROM "comments" WHERE "comments"."post_id" = ?[0m  [["post_id", 2]]
  Rendered posts/show.html.erb within layouts/application (138.0ms)
Completed 200 OK in 298ms (Views: 257.7ms | ActiveRecord: 39.3ms)
